0 info it worked if it ends with ok
1 verbose cli [ '/usr/local/Cellar/node/0.10.22/bin/node',
1 verbose cli   '/usr/local/bin/npm',
1 verbose cli   'run-script',
1 verbose cli   'divshot' ]
2 info using npm@1.3.14
3 info using node@v0.10.22
4 verbose run-script [ 'predivshot', 'divshot', 'postdivshot' ]
5 info predivshot exercise-3@0.1.0
6 info divshot exercise-3@0.1.0
7 verbose unsafe-perm in lifecycle true
8 info exercise-3@0.1.0 Failed to exec divshot script
9 error exercise-3@0.1.0 divshot: `node_modules/.bin/divshot login && node_modules/.bin/divshot config:add name "br-frontend-testing-$USERNAME" && echo '' && echo 'Your divshot auth token is:' && node_modules/.bin/divshot auth:token`
9 error Exit status 127
10 error Failed at the exercise-3@0.1.0 divshot script.
10 error This is most likely a problem with the exercise-3 package,
10 error not with npm itself.
10 error Tell the author that this fails on your system:
10 error     node_modules/.bin/divshot login && node_modules/.bin/divshot config:add name "br-frontend-testing-$USERNAME" && echo '' && echo 'Your divshot auth token is:' && node_modules/.bin/divshot auth:token
10 error You can get their info via:
10 error     npm owner ls exercise-3
10 error There is likely additional logging output above.
11 error System Darwin 13.4.0
12 error command "/usr/local/Cellar/node/0.10.22/bin/node" "/usr/local/bin/npm" "run-script" "divshot"
13 error cwd /Users/rondelasalas/Documents/Projects/br-frontend-testing-flow
14 error node -v v0.10.22
15 error npm -v 1.3.14
16 error code ELIFECYCLE
17 verbose exit [ 1, true ]
